2023/04/29 20:44:13 INFO  - jmeter.util.JMeterUtils: Setting Locale to en 
2023/04/29 20:44:13 INFO  - jmeter.JMeter: Loading user properties from: /usr/share/jmeter/bin/user.properties 
2023/04/29 20:44:13 INFO  - jmeter.JMeter: Loading system properties from: /usr/share/jmeter/bin/system.properties 
2023/04/29 20:44:13 INFO  - jmeter.JMeter: Copyright (c) 1998-2015 The Apache Software Foundation 
2023/04/29 20:44:13 INFO  - jmeter.JMeter: Version 2.13.20180731 
2023/04/29 20:44:13 INFO  - jmeter.JMeter: java.version=11.0.18 
2023/04/29 20:44:13 INFO  - jmeter.JMeter: java.vm.name=OpenJDK 64-Bit Server VM 
2023/04/29 20:44:13 INFO  - jmeter.JMeter: os.name=Linux 
2023/04/29 20:44:13 INFO  - jmeter.JMeter: os.arch=amd64 
2023/04/29 20:44:13 INFO  - jmeter.JMeter: os.version=5.15.0-1033-aws 
2023/04/29 20:44:13 INFO  - jmeter.JMeter: file.encoding=UTF-8 
2023/04/29 20:44:13 INFO  - jmeter.JMeter: Default Locale=English 
2023/04/29 20:44:13 INFO  - jmeter.JMeter: JMeter  Locale=English 
2023/04/29 20:44:13 INFO  - jmeter.JMeter: JMeterHome=/usr/share/jmeter 
2023/04/29 20:44:13 INFO  - jmeter.JMeter: user.dir  =/home/oulahn/apache-jmeter-5.5 
2023/04/29 20:44:13 INFO  - jmeter.JMeter: PWD       =/home/oulahn/apache-jmeter-5.5 
2023/04/29 20:44:13 INFO  - jmeter.JMeter: IP: 172.31.5.56 Name: ip-172-31-5-56 FullName: ip-172-31-5-56.ap-northeast-1.compute.internal 
2023/04/29 20:44:13 INFO  - jmeter.services.FileServer: Default base='/home/oulahn/apache-jmeter-5.5' 
2023/04/29 20:44:13 INFO  - jmeter.services.FileServer: Set new base='/home/oulahn' 
2023/04/29 20:44:14 INFO  - jmeter.save.SaveService: Testplan (JMX) version: 2.2. Testlog (JTL) version: 2.2 
2023/04/29 20:44:14 INFO  - jmeter.save.SaveService: Using SaveService properties version 2.8 
2023/04/29 20:44:14 INFO  - jmeter.save.SaveService: Using SaveService properties file version 1656252 
2023/04/29 20:44:14 INFO  - jmeter.save.SaveService: Using SaveService properties file encoding UTF-8 
2023/04/29 20:44:14 INFO  - jmeter.save.SaveService: All converter versions present and correct 
2023/04/29 20:44:14 INFO  - jmeter.save.SaveService: Loading file: /home/oulahn/mytestplan.jmx 
2023/04/29 20:44:14 INFO  - jmeter.protocol.http.sampler.HTTPSamplerBase: Cannot find .className property for htmlParser, using default 
2023/04/29 20:44:14 INFO  - jmeter.protocol.http.sampler.HTTPSamplerBase: Parser for text/html is  
2023/04/29 20:44:14 INFO  - jmeter.protocol.http.sampler.HTTPSamplerBase: Parser for application/xhtml+xml is  
2023/04/29 20:44:14 INFO  - jmeter.protocol.http.sampler.HTTPSamplerBase: Parser for application/xml is  
2023/04/29 20:44:14 INFO  - jmeter.protocol.http.sampler.HTTPSamplerBase: Parser for text/xml is  
2023/04/29 20:44:14 INFO  - jmeter.protocol.http.sampler.HTTPSamplerBase: Parser for text/vnd.wap.wml is org.apache.jmeter.protocol.http.parser.RegexpHTMLParser 
2023/04/29 20:44:14 ERROR - jmeter.JMeter: Error in NonGUIDriver java.lang.IllegalArgumentException: Problem loading XML from:'/home/oulahn/mytestplan.jmx', conversion error com.thoughtworks.xstream.converters.ConversionException: 
---- Debugging information ----
cause-exception     : com.thoughtworks.xstream.converters.ConversionException
cause-message       : 
first-jmeter-class  : org.apache.jmeter.save.ScriptWrapperConverter.unmarshal(ScriptWrapperConverter.java:95)
class               : org.apache.jmeter.save.ScriptWrapper
required-type       : org.apache.jmeter.save.ScriptWrapper
converter-type      : org.apache.jmeter.save.ScriptWrapperConverter
path                : /jmeterTestPlan/hashTree
line number         : 54
version             : 2.13.20180731
-------------------------------
	at org.apache.jmeter.save.SaveService.readTree(SaveService.java:586)
	at org.apache.jmeter.save.SaveService.loadTree(SaveService.java:537)
	at org.apache.jmeter.JMeter.runNonGui(JMeter.java:751)
	at org.apache.jmeter.JMeter.startNonGui(JMeter.java:738)
	at org.apache.jmeter.JMeter.start(JMeter.java:397)
	at java.base/jdk.internal.reflect.NativeMethodAccessorImpl.invoke0(Native Method)
	at java.base/jdk.internal.reflect.NativeMethodAccessorImpl.invoke(NativeMethodAccessorImpl.java:62)
	at java.base/jdk.internal.reflect.DelegatingMethodAccessorImpl.invoke(DelegatingMethodAccessorImpl.java:43)
	at java.base/java.lang.reflect.Method.invoke(Method.java:566)
	at org.apache.jmeter.NewDriver.main(NewDriver.java:264)
Caused by: com.thoughtworks.xstream.converters.ConversionException: 
---- Debugging information ----
cause-exception     : com.thoughtworks.xstream.converters.ConversionException
cause-message       : 
first-jmeter-class  : org.apache.jmeter.save.ScriptWrapperConverter.unmarshal(ScriptWrapperConverter.java:95)
class               : org.apache.jmeter.save.ScriptWrapper
required-type       : org.apache.jmeter.save.ScriptWrapper
converter-type      : org.apache.jmeter.save.ScriptWrapperConverter
path                : /jmeterTestPlan/hashTree
line number         : 54
version             : 2.13.20180731
-------------------------------
	at org.apache.jmeter.save.ScriptWrapperConverter.createConversionException(ScriptWrapperConverter.java:105)
	at org.apache.jmeter.save.ScriptWrapperConverter.unmarshal(ScriptWrapperConverter.java:99)
	at com.thoughtworks.xstream.core.TreeUnmarshaller.convert(TreeUnmarshaller.java:72)
	at com.thoughtworks.xstream.core.AbstractReferenceUnmarshaller.convert(AbstractReferenceUnmarshaller.java:72)
	at com.thoughtworks.xstream.core.TreeUnmarshaller.convertAnother(TreeUnmarshaller.java:66)
	at com.thoughtworks.xstream.core.TreeUnmarshaller.convertAnother(TreeUnmarshaller.java:50)
	at com.thoughtworks.xstream.core.TreeUnmarshaller.start(TreeUnmarshaller.java:134)
	at com.thoughtworks.xstream.core.AbstractTreeMarshallingStrategy.unmarshal(AbstractTreeMarshallingStrategy.java:32)
	at com.thoughtworks.xstream.XStream.unmarshal(XStream.java:1524)
	at com.thoughtworks.xstream.XStream.unmarshal(XStream.java:1502)
	at com.thoughtworks.xstream.XStream.fromXML(XStream.java:1373)
	at org.apache.jmeter.save.SaveService.readTree(SaveService.java:559)
	... 9 more
Caused by: com.thoughtworks.xstream.converters.ConversionException: 
---- Debugging information ----
cause-exception     : com.thoughtworks.xstream.io.StreamException
cause-message       : 
class               : org.apache.jorphan.collections.ListedHashTree
required-type       : org.apache.jorphan.collections.ListedHashTree
converter-type      : org.apache.jmeter.save.converters.HashTreeConverter
path                : /jmeterTestPlan/hashTree
line number         : 54
-------------------------------
	at com.thoughtworks.xstream.core.TreeUnmarshaller.convert(TreeUnmarshaller.java:77)
	at com.thoughtworks.xstream.core.AbstractReferenceUnmarshaller.convert(AbstractReferenceUnmarshaller.java:72)
	at com.thoughtworks.xstream.core.TreeUnmarshaller.convertAnother(TreeUnmarshaller.java:66)
	at com.thoughtworks.xstream.core.TreeUnmarshaller.convertAnother(TreeUnmarshaller.java:50)
	at org.apache.jmeter.save.ScriptWrapperConverter.unmarshal(ScriptWrapperConverter.java:95)
	... 19 more
Caused by: com.thoughtworks.xstream.io.StreamException: 
	at com.thoughtworks.xstream.io.xml.XppReader.pullNextEvent(XppReader.java:124)
	at com.thoughtworks.xstream.io.xml.AbstractPullReader.readRealEvent(AbstractPullReader.java:148)
	at com.thoughtworks.xstream.io.xml.AbstractPullReader.readEvent(AbstractPullReader.java:135)
	at com.thoughtworks.xstream.io.xml.AbstractPullReader.hasMoreChildren(AbstractPullReader.java:87)
	at com.thoughtworks.xstream.io.ReaderWrapper.hasMoreChildren(ReaderWrapper.java:32)
	at org.apache.jmeter.save.converters.HashTreeConverter.unmarshal(HashTreeConverter.java:65)
	at com.thoughtworks.xstream.core.TreeUnmarshaller.convert(TreeUnmarshaller.java:72)
	... 23 more
Caused by: org.xmlpull.v1.XmlPullParserException: end tag name </jmeterTestPlan> must match start tag name <hashTree> from line 3 (position: TEXT seen ...</hashTree>\n</jmeterTestPlan>... @54:18) 
	at org.xmlpull.mxp1.MXParser.parseEndTag(MXParser.java:1689)
	at org.xmlpull.mxp1.MXParser.nextImpl(MXParser.java:1131)
	at org.xmlpull.mxp1.MXParser.next(MXParser.java:1093)
	at com.thoughtworks.xstream.io.xml.XppReader.pullNextEvent(XppReader.java:109)
	... 29 more

